<?xml version="1.0" encoding="UTF-8"?>
<!-- Generated by org.testng.reporters.JUnitXMLReporter -->
<testsuite hostname="maxim" failures="0" tests="10" name="Default test" time="15.534" errors="0" timestamp="28 May 2021 05:07:32 GMT">
  <testcase classname="SeleniumTest.NewTest" name="homePage" time="3.602"/>
  <testcase classname="SeleniumTest.NewTest" name="signUp" time="0.433"/>
  <testcase classname="SeleniumTest.NewTest" name="signIn" time="0.326"/>
  <testcase classname="SeleniumTest.NewTest" name="editProfile" time="0.363"/>
  <testcase classname="SeleniumTest.NewTest" name="signOut" time="0.085"/>
  <testcase classname="SeleniumTest.NewTest" name="signUpValidate" time="0.374"/>
  <testcase classname="SeleniumTest.NewTest" name="signInAgain" time="0.252"/>
  <testcase classname="SeleniumTest.NewTest" name="addProduct" time="0.541"/>
  <testcase classname="SeleniumTest.NewTest" name="EditProductDetails" time="0.608"/>
  <testcase classname="SeleniumTest.NewTest" name="DeleteProductDetails" time="0.254"/>
</testsuite> <!-- Default test -->
