<?xml version="1.0" encoding="UTF-8"?>
<!-- Generated by org.testng.reporters.JUnitXMLReporter -->
<testsuite hostname="maxim" failures="0" tests="10" name="Test" time="14.296" errors="0" timestamp="28 May 2021 05:07:58 GMT">
  <testcase classname="SeleniumTest.NewTest" name="homePage" time="2.328"/>
  <testcase classname="SeleniumTest.NewTest" name="signUp" time="0.505"/>
  <testcase classname="SeleniumTest.NewTest" name="signIn" time="0.324"/>
  <testcase classname="SeleniumTest.NewTest" name="editProfile" time="0.361"/>
  <testcase classname="SeleniumTest.NewTest" name="signOut" time="0.152"/>
  <testcase classname="SeleniumTest.NewTest" name="signUpValidate" time="0.52"/>
  <testcase classname="SeleniumTest.NewTest" name="signInAgain" time="0.457"/>
  <testcase classname="SeleniumTest.NewTest" name="addProduct" time="0.584"/>
  <testcase classname="SeleniumTest.NewTest" name="EditProductDetails" time="0.542"/>
  <testcase classname="SeleniumTest.NewTest" name="DeleteProductDetails" time="0.244"/>
</testsuite> <!-- Test -->
